[INFO] Training Begin ......
Epoch: 01 learning rate[1e-05]
/scratch/odunayo/multilingual-ocr/venv/lib/python3.7/site-packages/torch/nn/_reduction.py:42: UserWarning: size_average and reduce args will be deprecated, please use reduction='sum' instead.
  warnings.warn(warning.format(ret))
Time: 17m 5s
Train Loss: 4416.882
Val   Loss: 3958.830
Epoch: 02 learning rate[1e-05]
Time: 17m 1s
Train Loss: 4039.768
Val   Loss: 3875.233
Epoch: 03 learning rate[1e-05]
Time: 16m 58s
Train Loss: 3968.708
Val   Loss: 3826.773
Epoch: 04 learning rate[1e-05]
Time: 24m 48s
Train Loss: 3917.306
Val   Loss: 3759.671
Epoch: 05 learning rate[1e-05]
Time: 16m 27s
Train Loss: 3877.610
Val   Loss: 3753.445
Epoch: 06 learning rate[1e-05]
Time: 16m 24s
Train Loss: 3846.158
Val   Loss: 3715.688
Epoch: 07 learning rate[1e-05]
Time: 15m 44s
Train Loss: 3822.096
Val   Loss: 3705.790
Epoch: 08 learning rate[1e-05]
Time: 16m 21s
Train Loss: 3802.089
Val   Loss: 3681.110
Epoch: 09 learning rate[1e-05]
Time: 15m 59s
Train Loss: 3780.215
Val   Loss: 3651.356
Epoch: 10 learning rate[1e-05]
Time: 15m 36s
Train Loss: 3759.722
Val   Loss: 3632.604
Epoch: 11 learning rate[1e-05]
Time: 16m 4s
Train Loss: 3739.798
Val   Loss: 3615.673
Epoch: 12 learning rate[1e-05]
Time: 15m 32s
Train Loss: 3716.076
Val   Loss: 3547.825
Epoch: 13 learning rate[1e-05]
Time: 16m 4s
Train Loss: 3696.658
Val   Loss: 3527.642
Epoch: 14 learning rate[1e-05]
Time: 15m 59s
Train Loss: 3676.204
Val   Loss: 3521.814
Epoch: 15 learning rate[1e-05]
Time: 15m 47s
Train Loss: 3656.383
Val   Loss: 3486.574
Epoch: 16 learning rate[1e-05]
Time: 15m 35s
Train Loss: 3638.034
Val   Loss: 3469.902
Epoch: 17 learning rate[1e-05]
Time: 15m 49s
Train Loss: 3621.024
Val   Loss: 3486.597
Epoch: 18 learning rate[1e-05]
Time: 15m 53s
Train Loss: 3602.040
Val   Loss: 3452.735
Epoch: 19 learning rate[1e-05]
Time: 15m 55s
Train Loss: 3588.137
Val   Loss: 3444.903
Epoch: 20 learning rate[1e-05]
Time: 16m 39s
Train Loss: 3571.039
Val   Loss: 3400.708
Epoch: 21 learning rate[1e-05]
Time: 15m 55s
Train Loss: 3553.624
Val   Loss: 3441.314
Epoch: 22 learning rate[1e-05]
Time: 15m 39s
Train Loss: 3541.074
Val   Loss: 3389.814
Epoch: 23 learning rate[1e-05]
Time: 16m 23s
Train Loss: 3525.201
Val   Loss: 3367.897
Epoch: 24 learning rate[1e-05]
Time: 15m 44s
Train Loss: 3512.640
Val   Loss: 3344.134
Epoch: 25 learning rate[1e-05]
Time: 16m 4s
Train Loss: 3500.287
Val   Loss: 3363.775
Epoch: 26 learning rate[1e-05]
Time: 16m 5s
Train Loss: 3485.881
Val   Loss: 3325.317
Epoch: 27 learning rate[1e-05]
Time: 15m 56s
Train Loss: 3475.253
Val   Loss: 3338.169
Epoch: 28 learning rate[1e-05]
Time: 16m 1s
Train Loss: 3462.872
Val   Loss: 3310.898
Epoch: 29 learning rate[1e-05]
Time: 16m 5s
Train Loss: 3450.190
Val   Loss: 3295.672
Epoch: 30 learning rate[1e-05]
Time: 16m 18s
Train Loss: 3440.717
Val   Loss: 3273.271
Epoch: 31 learning rate[1e-05]
Time: 15m 47s
Train Loss: 3431.661
Val   Loss: 3267.730
Epoch: 32 learning rate[1e-05]
Time: 15m 30s
Train Loss: 3423.383
Val   Loss: 3266.869
Epoch: 33 learning rate[1e-05]
Time: 16m 30s
Train Loss: 3412.558
Val   Loss: 3262.128
Epoch: 34 learning rate[1e-05]
Time: 15m 34s
Train Loss: 3401.822
Val   Loss: 3245.577
Epoch: 35 learning rate[1e-05]
Time: 16m 49s
Train Loss: 3395.123
Val   Loss: 3245.453
Epoch: 36 learning rate[1e-05]
Time: 16m 12s
Train Loss: 3385.991
Val   Loss: 3251.343
Epoch: 37 learning rate[1e-05]
Time: 15m 47s
Train Loss: 3376.250
Val   Loss: 3225.253
Epoch: 38 learning rate[1e-05]
Time: 16m 22s
Train Loss: 3368.175
Val   Loss: 3228.690
Epoch: 39 learning rate[1e-05]
Time: 15m 49s
Train Loss: 3360.697
Val   Loss: 3208.571
Epoch: 40 learning rate[1e-05]
Time: 16m 7s
Train Loss: 3351.572
Val   Loss: 3227.857
Epoch: 41 learning rate[1e-05]
Time: 16m 0s
Train Loss: 3343.604
Val   Loss: 3194.798
Epoch: 42 learning rate[1e-05]
Time: 16m 1s
Train Loss: 3337.285
Val   Loss: 3206.201
Epoch: 43 learning rate[1e-05]
Time: 15m 54s
Train Loss: 3328.655
Val   Loss: 3176.902
Epoch: 44 learning rate[1e-05]
Time: 15m 35s
Train Loss: 3321.629
Val   Loss: 3185.671
Epoch: 45 learning rate[1e-05]
Time: 16m 3s
Train Loss: 3314.303
Val   Loss: 3181.732
Epoch: 46 learning rate[1e-05]
Time: 16m 17s
Train Loss: 3306.104
Val   Loss: 3168.789
Epoch: 47 learning rate[1e-05]
Time: 15m 40s
Train Loss: 3300.355
Val   Loss: 3174.536
Epoch: 48 learning rate[1e-05]
Time: 15m 52s
Train Loss: 3290.429
Val   Loss: 3160.900
Epoch: 49 learning rate[1e-05]
Time: 15m 30s
Train Loss: 3283.174
Val   Loss: 3159.387
Epoch: 50 learning rate[1e-05]
Time: 16m 12s
Train Loss: 3273.503
Val   Loss: 3164.508
Epoch: 51 learning rate[1e-05]
Time: 15m 52s
Train Loss: 3264.194
Val   Loss: 3152.875
Epoch: 52 learning rate[1e-05]
Time: 15m 47s
Train Loss: 3257.663
Val   Loss: 3150.508
Epoch: 53 learning rate[1e-05]
Time: 16m 13s
Train Loss: 3250.425
Val   Loss: 3155.808
Epoch: 54 learning rate[1e-05]
Time: 15m 33s
Train Loss: 3242.172
Val   Loss: 3147.209
Epoch: 55 learning rate[1e-05]
Time: 15m 37s
Train Loss: 3233.977
Val   Loss: 3137.028
Epoch: 56 learning rate[1e-05]
Time: 15m 50s
Train Loss: 3225.378
Val   Loss: 3131.540
Epoch: 57 learning rate[1e-05]
Time: 15m 42s
Train Loss: 3218.942
Val   Loss: 3130.002
Epoch: 58 learning rate[1e-05]
Time: 15m 47s
Train Loss: 3209.654
Val   Loss: 3132.150
Epoch: 59 learning rate[1e-05]
Time: 15m 29s
Train Loss: 3204.907
Val   Loss: 3118.780
Epoch: 60 learning rate[1e-05]
Time: 15m 52s
Train Loss: 3192.089
Val   Loss: 3124.883
Epoch: 61 learning rate[1e-05]
Time: 15m 37s
Train Loss: 3185.201
Val   Loss: 3114.327
Epoch: 62 learning rate[1e-05]
Time: 15m 51s
Train Loss: 3173.080
Val   Loss: 3116.220
Epoch: 63 learning rate[1e-05]
Time: 15m 55s
Train Loss: 3162.707
Val   Loss: 3103.250
Epoch: 64 learning rate[1e-05]
Time: 15m 39s
Train Loss: 3153.378
Val   Loss: 3120.663
Epoch: 65 learning rate[1e-05]
Time: 15m 51s
Train Loss: 3140.756
Val   Loss: 3097.137
Epoch: 66 learning rate[1e-05]
Time: 15m 45s
Train Loss: 3131.085
Val   Loss: 3099.885
Epoch: 67 learning rate[1e-05]
Time: 15m 54s
Train Loss: 3118.738
Val   Loss: 3099.926
Epoch: 68 learning rate[1e-05]
Time: 15m 57s
Train Loss: 3109.305
Val   Loss: 3088.531
Epoch: 69 learning rate[1e-05]
Time: 15m 45s
Train Loss: 3095.529
Val   Loss: 3080.384
Epoch: 70 learning rate[1e-05]
Time: 15m 39s
Train Loss: 3083.407
Val   Loss: 3105.082
Epoch: 71 learning rate[1e-05]
Time: 15m 35s
Train Loss: 3066.616
Val   Loss: 3063.440
Epoch: 72 learning rate[1e-05]
Time: 16m 0s
Train Loss: 3050.727
Val   Loss: 3040.307
Epoch: 73 learning rate[1e-05]
Time: 15m 22s
Train Loss: 3032.289
Val   Loss: 3032.182
Epoch: 74 learning rate[1e-05]
Time: 15m 33s
Train Loss: 3011.367
Val   Loss: 3023.298
Epoch: 75 learning rate[1e-05]
Time: 15m 16s
Train Loss: 2988.793
Val   Loss: 2975.263
Epoch: 76 learning rate[1e-05]
Time: 15m 36s
Train Loss: 2955.061
Val   Loss: 2921.108
Epoch: 77 learning rate[1e-05]
Time: 15m 28s
Train Loss: 2913.208
Val   Loss: 2897.084
Epoch: 78 learning rate[1e-05]
Time: 16m 0s
Train Loss: 2861.451
Val   Loss: 2797.600
Epoch: 79 learning rate[1e-05]
Time: 16m 8s
Train Loss: 2804.032
Val   Loss: 2729.815
Epoch: 80 learning rate[1e-05]
Time: 15m 27s
Train Loss: 2747.341
Val   Loss: 2652.258
Epoch: 81 learning rate[1e-05]
Time: 15m 31s
Train Loss: 2671.137
Val   Loss: 2562.995
Epoch: 82 learning rate[1e-05]
Time: 15m 26s
Train Loss: 2603.604
Val   Loss: 2478.770
Epoch: 83 learning rate[1e-05]
Time: 15m 31s
Train Loss: 2531.090
Val   Loss: 2439.353
Epoch: 84 learning rate[1e-05]
Time: 15m 29s
Train Loss: 2457.728
Val   Loss: 2307.726
Epoch: 85 learning rate[1e-05]
Time: 15m 52s
Train Loss: 2379.855
Val   Loss: 2230.325
Epoch: 86 learning rate[1e-05]
Time: 15m 49s
Train Loss: 2307.531
Val   Loss: 2163.010
Epoch: 87 learning rate[1e-05]
Time: 15m 31s
Train Loss: 2231.832
Val   Loss: 2094.186
Epoch: 88 learning rate[1e-05]
Time: 16m 5s
Train Loss: 2158.722
Val   Loss: 2036.227
Epoch: 89 learning rate[1e-05]
Time: 15m 32s
Train Loss: 2089.367
Val   Loss: 1956.225
Epoch: 90 learning rate[1e-05]
slurmstepd: error: *** JOB 54524689 ON gra1185 CANCELLED AT 2021-11-17T18:19:56 DUE TO TIME LIMIT ***
