[INFO] Training Begin ......
Epoch: 01 learning rate[1e-05]
/scratch/odunayo/multilingual-ocr/venv/lib/python3.7/site-packages/torch/nn/_reduction.py:42: UserWarning: size_average and reduce args will be deprecated, please use reduction='sum' instead.
  warnings.warn(warning.format(ret))
Time: 21m 0s
Train Loss: 2047.218
Val   Loss: 1628.835
Epoch: 02 learning rate[1e-05]
Time: 20m 10s
Train Loss: 1979.483
Val   Loss: 1591.741
Epoch: 03 learning rate[1e-05]
Time: 22m 19s
Train Loss: 1916.733
Val   Loss: 1574.944
Epoch: 04 learning rate[1e-05]
Time: 24m 20s
Train Loss: 1854.524
Val   Loss: 1532.558
Epoch: 05 learning rate[1e-05]
Time: 20m 0s
Train Loss: 1793.852
Val   Loss: 1527.410
Epoch: 06 learning rate[1e-05]
Time: 20m 7s
Train Loss: 1736.153
Val   Loss: 1511.175
Epoch: 07 learning rate[1e-05]
Time: 19m 30s
Train Loss: 1667.507
Val   Loss: 1446.236
Epoch: 08 learning rate[1e-05]
Time: 20m 14s
Train Loss: 1615.328
Val   Loss: 1481.824
Epoch: 09 learning rate[1e-05]
Time: 18m 36s
Train Loss: 1554.698
Val   Loss: 1393.132
Epoch: 10 learning rate[1e-05]
Time: 20m 25s
Train Loss: 1495.897
Val   Loss: 1386.274
Epoch: 11 learning rate[1e-05]
Time: 19m 55s
Train Loss: 1447.946
Val   Loss: 1378.595
Epoch: 12 learning rate[1e-05]
Time: 19m 46s
Train Loss: 1391.350
Val   Loss: 1341.429
Epoch: 13 learning rate[1e-05]
Time: 19m 58s
Train Loss: 1339.495
Val   Loss: 1348.156
Epoch: 14 learning rate[1e-05]
Time: 19m 45s
Train Loss: 1290.281
Val   Loss: 1324.253
Epoch: 15 learning rate[1e-05]
Time: 18m 47s
Train Loss: 1242.767
Val   Loss: 1281.790
Epoch: 16 learning rate[1e-05]
Time: 20m 18s
Train Loss: 1202.388
Val   Loss: 1282.234
Epoch: 17 learning rate[1e-05]
Time: 20m 36s
Train Loss: 1149.558
Val   Loss: 1290.887
Epoch: 18 learning rate[1e-05]
Time: 21m 1s
Train Loss: 1105.177
Val   Loss: 1271.635
Epoch: 19 learning rate[1e-05]
Time: 20m 1s
Train Loss: 1064.310
Val   Loss: 1254.210
Epoch: 20 learning rate[1e-05]
Time: 19m 32s
Train Loss: 1027.289
Val   Loss: 1270.600
Epoch: 21 learning rate[1e-05]
Time: 18m 2s
Train Loss: 989.912
Val   Loss: 1254.760
Epoch: 22 learning rate[1e-05]
Time: 17m 30s
Train Loss: 950.201
Val   Loss: 1248.329
Epoch: 23 learning rate[1e-05]
Time: 16m 59s
Train Loss: 914.578
Val   Loss: 1240.461
Epoch: 24 learning rate[1e-05]
Time: 16m 50s
Train Loss: 886.072
Val   Loss: 1237.212
Epoch: 25 learning rate[1e-05]
Time: 17m 5s
Train Loss: 851.568
Val   Loss: 1249.225
Epoch: 26 learning rate[1e-05]
Time: 16m 55s
Train Loss: 818.558
Val   Loss: 1242.886
Epoch: 27 learning rate[1e-05]
Time: 16m 48s
Train Loss: 797.153
Val   Loss: 1248.747
Epoch: 28 learning rate[1e-05]
Time: 17m 10s
Train Loss: 756.275
Val   Loss: 1241.967
Epoch: 29 learning rate[1e-05]
Time: 17m 2s
Train Loss: 731.348
Val   Loss: 1278.422
Epoch: 30 learning rate[9.5e-06]
Time: 16m 9s
Train Loss: 707.544
Val   Loss: 1237.196
Epoch: 31 learning rate[9.5e-06]
Time: 16m 57s
Train Loss: 679.361
Val   Loss: 1253.633
Epoch: 32 learning rate[9.5e-06]
Time: 17m 25s
Train Loss: 656.143
Val   Loss: 1258.311
Epoch: 33 learning rate[9.5e-06]
Time: 16m 35s
Train Loss: 631.924
Val   Loss: 1245.281
Epoch: 34 learning rate[9.5e-06]
Time: 17m 36s
Train Loss: 612.810
Val   Loss: 1237.078
Epoch: 35 learning rate[9.5e-06]
Time: 16m 53s
Train Loss: 597.754
Val   Loss: 1259.794
Epoch: 36 learning rate[9.5e-06]
Time: 16m 25s
Train Loss: 573.800
Val   Loss: 1274.698
Epoch: 37 learning rate[9.5e-06]
Time: 16m 14s
Train Loss: 554.826
Val   Loss: 1269.460
Epoch: 38 learning rate[9.5e-06]
Time: 17m 17s
Train Loss: 539.330
Val   Loss: 1245.919
Epoch: 39 learning rate[9.5e-06]
Time: 16m 56s
Train Loss: 524.654
Val   Loss: 1253.977
Epoch: 40 learning rate[9.025e-06]
Time: 16m 29s
Train Loss: 502.713
Val   Loss: 1248.281
Epoch: 41 learning rate[9.025e-06]
Time: 16m 41s
Train Loss: 484.477
Val   Loss: 1250.106
Epoch: 42 learning rate[9.025e-06]
Time: 16m 30s
Train Loss: 468.557
Val   Loss: 1255.964
Epoch: 43 learning rate[9.025e-06]
Time: 16m 16s
Train Loss: 459.899
Val   Loss: 1243.438
Epoch: 44 learning rate[9.025e-06]
Time: 16m 13s
Train Loss: 442.793
Val   Loss: 1238.882
Epoch: 45 learning rate[8.57375e-06]
Time: 16m 28s
Train Loss: 432.869
Val   Loss: 1247.749
Epoch: 46 learning rate[8.57375e-06]
Time: 16m 12s
Train Loss: 418.609
Val   Loss: 1230.762
Epoch: 47 learning rate[8.57375e-06]
Time: 16m 18s
Train Loss: 406.119
Val   Loss: 1264.408
Epoch: 48 learning rate[8.57375e-06]
Time: 16m 21s
Train Loss: 390.455
Val   Loss: 1233.865
Epoch: 49 learning rate[8.57375e-06]
Time: 16m 28s
Train Loss: 384.394
Val   Loss: 1244.751
Epoch: 50 learning rate[8.57375e-06]
Time: 16m 46s
Train Loss: 379.476
Val   Loss: 1289.459
Epoch: 51 learning rate[8.57375e-06]
Time: 16m 16s
Train Loss: 361.320
Val   Loss: 1238.668
Epoch: 52 learning rate[8.1450625e-06]
Time: 17m 9s
Train Loss: 350.798
Val   Loss: 1221.047
Epoch: 53 learning rate[8.1450625e-06]
Time: 16m 25s
Train Loss: 343.870
Val   Loss: 1238.142
Epoch: 54 learning rate[8.1450625e-06]
Time: 16m 27s
Train Loss: 336.304
Val   Loss: 1234.788
Epoch: 55 learning rate[8.1450625e-06]
Time: 16m 16s
Train Loss: 321.914
Val   Loss: 1229.471
Epoch: 56 learning rate[8.1450625e-06]
Time: 16m 31s
Train Loss: 313.274
Val   Loss: 1245.723
Epoch: 57 learning rate[8.1450625e-06]
Time: 16m 6s
Train Loss: 308.950
Val   Loss: 1234.189
Epoch: 58 learning rate[7.737809375e-06]
Time: 16m 13s
Train Loss: 297.356
Val   Loss: 1236.329
Epoch: 59 learning rate[7.737809375e-06]
Time: 16m 26s
Train Loss: 293.498
Val   Loss: 1221.137
Epoch: 60 learning rate[7.737809375e-06]
Time: 16m 52s
Train Loss: 284.635
Val   Loss: 1218.602
Epoch: 61 learning rate[7.737809375e-06]
Time: 16m 35s
Train Loss: 278.876
Val   Loss: 1221.361
Epoch: 62 learning rate[7.737809375e-06]
Time: 16m 14s
Train Loss: 271.695
Val   Loss: 1228.747
Epoch: 63 learning rate[7.737809375e-06]
Time: 16m 4s
Train Loss: 265.614
Val   Loss: 1239.182
Epoch: 64 learning rate[7.737809375e-06]
Time: 16m 8s
Train Loss: 260.338
Val   Loss: 1232.365
Epoch: 65 learning rate[7.737809375e-06]
Time: 16m 21s
Train Loss: 257.094
Val   Loss: 1217.173
Epoch: 66 learning rate[7.737809375e-06]
Time: 16m 22s
Train Loss: 247.318
Val   Loss: 1220.017
Epoch: 67 learning rate[7.737809375e-06]
Time: 16m 19s
Train Loss: 243.397
Val   Loss: 1222.345
Epoch: 68 learning rate[7.737809375e-06]
Time: 16m 40s
Train Loss: 240.256
Val   Loss: 1213.255
Epoch: 69 learning rate[7.737809375e-06]
Time: 17m 17s
Train Loss: 230.952
Val   Loss: 1211.347
Epoch: 70 learning rate[7.737809375e-06]
Time: 16m 53s
Train Loss: 225.403
Val   Loss: 1203.510
Epoch: 71 learning rate[7.737809375e-06]
Time: 16m 29s
Train Loss: 226.718
Val   Loss: 1193.485
Epoch: 72 learning rate[7.737809375e-06]
Time: 17m 46s
Train Loss: 218.268
Val   Loss: 1192.196
Epoch: 73 learning rate[7.737809375e-06]
Time: 16m 47s
Train Loss: 212.235
Val   Loss: 1197.150
Epoch: 74 learning rate[7.737809375e-06]
Time: 16m 21s
Train Loss: 206.217
Val   Loss: 1193.814
Epoch: 75 learning rate[7.737809375e-06]
Time: 17m 31s
Train Loss: 205.163
Val   Loss: 1206.826
Epoch: 76 learning rate[7.737809375e-06]
Time: 17m 14s
Train Loss: 203.652
Val   Loss: 1183.810
Epoch: 77 learning rate[7.737809375e-06]
Time: 16m 55s
Train Loss: 197.565
Val   Loss: 1199.844
Epoch: 78 learning rate[7.737809375e-06]
Time: 16m 57s
Train Loss: 194.537
Val   Loss: 1186.282
Epoch: 79 learning rate[7.737809375e-06]
Time: 17m 5s
Train Loss: 189.171
Val   Loss: 1187.510
Epoch: 80 learning rate[7.737809375e-06]
Time: 17m 36s
Train Loss: 185.281
Val   Loss: 1189.066
Epoch: 81 learning rate[7.737809375e-06]
Time: 16m 36s
Train Loss: 181.002
Val   Loss: 1192.299
Epoch: 82 learning rate[7.35091890625e-06]
Time: 17m 20s
Train Loss: 176.472
Val   Loss: 1195.275
Epoch: 83 learning rate[7.35091890625e-06]
Time: 16m 48s
Train Loss: 172.510
Val   Loss: 1192.720
Epoch: 84 learning rate[7.35091890625e-06]
Time: 16m 37s
Train Loss: 170.142
Val   Loss: 1175.174
Epoch: 85 learning rate[7.35091890625e-06]
Time: 16m 15s
Train Loss: 166.602
Val   Loss: 1175.673
Epoch: 86 learning rate[7.35091890625e-06]
Time: 16m 44s
Train Loss: 168.059
Val   Loss: 1173.382
Epoch: 87 learning rate[7.35091890625e-06]
Time: 16m 54s
Train Loss: 162.188
Val   Loss: 1180.787
Epoch: 88 learning rate[7.35091890625e-06]
Time: 16m 44s
Train Loss: 158.625
Val   Loss: 1177.124
Epoch: 89 learning rate[7.35091890625e-06]
Time: 17m 1s
Train Loss: 156.510
Val   Loss: 1169.329
Epoch: 90 learning rate[7.35091890625e-06]
Time: 16m 6s
Train Loss: 150.808
Val   Loss: 1176.860
Epoch: 91 learning rate[7.35091890625e-06]
Time: 16m 17s
Train Loss: 147.801
Val   Loss: 1185.235
Epoch: 92 learning rate[7.35091890625e-06]
Time: 16m 30s
Train Loss: 148.482
Val   Loss: 1183.242
Epoch: 93 learning rate[7.35091890625e-06]
Time: 15m 37s
Train Loss: 144.254
Val   Loss: 1172.469
Epoch: 94 learning rate[7.35091890625e-06]
Time: 15m 47s
Train Loss: 141.339
Val   Loss: 1174.758
Epoch: 95 learning rate[6.9833729609374995e-06]
Time: 16m 9s
Train Loss: 137.861
Val   Loss: 1175.699
Epoch: 96 learning rate[6.9833729609374995e-06]
Time: 15m 59s
Train Loss: 136.025
Val   Loss: 1165.039
Epoch: 97 learning rate[6.9833729609374995e-06]
Time: 15m 46s
Train Loss: 133.288
Val   Loss: 1164.852
Epoch: 98 learning rate[6.9833729609374995e-06]
Time: 15m 39s
Train Loss: 132.199
Val   Loss: 1158.816
Epoch: 99 learning rate[6.9833729609374995e-06]
Time: 15m 48s
Train Loss: 129.402
Val   Loss: 1162.364
Epoch: 100 learning rate[6.9833729609374995e-06]
Time: 16m 37s
Train Loss: 126.998
Val   Loss: 1164.396
Epoch: 101 learning rate[6.9833729609374995e-06]
Time: 15m 35s
Train Loss: 126.304
Val   Loss: 1164.847
Epoch: 102 learning rate[6.9833729609374995e-06]
Time: 15m 40s
Train Loss: 123.797
Val   Loss: 1163.178
Epoch: 103 learning rate[6.9833729609374995e-06]
Time: 15m 46s
Train Loss: 121.896
Val   Loss: 1172.227
Epoch: 104 learning rate[6.634204312890624e-06]
Time: 16m 0s
Train Loss: 119.555
Val   Loss: 1160.438
Epoch: 105 learning rate[6.634204312890624e-06]
Time: 15m 49s
Train Loss: 116.802
Val   Loss: 1173.591
Epoch: 106 learning rate[6.634204312890624e-06]
Time: 15m 58s
Train Loss: 115.643
Val   Loss: 1162.412
Epoch: 107 learning rate[6.634204312890624e-06]
Time: 15m 51s
Train Loss: 112.982
Val   Loss: 1145.553
Epoch: 108 learning rate[6.634204312890624e-06]
Time: 15m 53s
Train Loss: 113.203
Val   Loss: 1143.746
Epoch: 109 learning rate[6.634204312890624e-06]
Time: 16m 7s
Train Loss: 109.612
Val   Loss: 1156.239
Epoch: 110 learning rate[6.634204312890624e-06]
Time: 15m 39s
Train Loss: 110.061
Val   Loss: 1152.970
Epoch: 111 learning rate[6.634204312890624e-06]
Time: 16m 12s
Train Loss: 105.918
Val   Loss: 1149.315
Epoch: 112 learning rate[6.634204312890624e-06]
Time: 16m 15s
Train Loss: 105.961
Val   Loss: 1139.729
Epoch: 113 learning rate[6.634204312890624e-06]
Time: 15m 43s
Train Loss: 105.393
Val   Loss: 1141.595
Epoch: 114 learning rate[6.634204312890624e-06]
Time: 16m 0s
Train Loss: 102.981
Val   Loss: 1156.259
Epoch: 115 learning rate[6.634204312890624e-06]
Time: 15m 48s
Train Loss: 100.427
Val   Loss: 1148.468
Epoch: 116 learning rate[6.634204312890624e-06]
Time: 16m 19s
Train Loss: 100.573
Val   Loss: 1163.366
Epoch: 117 learning rate[6.634204312890624e-06]
Time: 16m 28s
Train Loss: 97.966
Val   Loss: 1157.905
Epoch: 118 learning rate[6.302494097246093e-06]
Time: 15m 41s
Train Loss: 97.906
Val   Loss: 1162.362
Epoch: 119 learning rate[6.302494097246093e-06]
Time: 15m 49s
Train Loss: 95.987
Val   Loss: 1150.366
Epoch: 120 learning rate[6.302494097246093e-06]
Time: 16m 34s
Train Loss: 93.822
Val   Loss: 1166.296
Epoch: 121 learning rate[6.302494097246093e-06]
Time: 16m 17s
Train Loss: 93.373
Val   Loss: 1151.148
Epoch: 122 learning rate[6.302494097246093e-06]
Time: 16m 29s
Train Loss: 90.566
Val   Loss: 1153.212
Epoch: 123 learning rate[5.9873693923837885e-06]
Time: 15m 51s
Train Loss: 90.230
Val   Loss: 1159.188
Epoch: 124 learning rate[5.9873693923837885e-06]
Time: 16m 9s
Train Loss: 89.066
Val   Loss: 1145.958
Epoch: 125 learning rate[5.9873693923837885e-06]
Time: 16m 3s
Train Loss: 86.899
Val   Loss: 1152.250
Epoch: 126 learning rate[5.9873693923837885e-06]
Time: 15m 40s
Train Loss: 86.128
Val   Loss: 1165.837
Epoch: 127 learning rate[5.9873693923837885e-06]
Time: 16m 28s
Train Loss: 84.194
Val   Loss: 1160.684
Epoch: 128 learning rate[5.688000922764599e-06]
Time: 15m 45s
Train Loss: 81.519
Val   Loss: 1162.443
Epoch: 129 learning rate[5.688000922764599e-06]
Time: 16m 6s
Train Loss: 81.599
Val   Loss: 1137.913
Epoch: 130 learning rate[5.688000922764599e-06]
Time: 16m 3s
Train Loss: 81.540
Val   Loss: 1150.407
Epoch: 131 learning rate[5.688000922764599e-06]
Time: 15m 42s
Train Loss: 78.613
Val   Loss: 1155.149
Epoch: 132 learning rate[5.688000922764599e-06]
Time: 16m 5s
Train Loss: 78.324
Val   Loss: 1149.990
Epoch: 133 learning rate[5.688000922764599e-06]
Time: 15m 42s
Train Loss: 77.687
Val   Loss: 1151.705
Epoch: 134 learning rate[5.688000922764599e-06]
Time: 16m 29s
Train Loss: 77.191
Val   Loss: 1147.121
Epoch: 135 learning rate[5.403600876626369e-06]
Time: 16m 13s
Train Loss: 75.930
Val   Loss: 1150.163
Epoch: 136 learning rate[5.403600876626369e-06]
Time: 16m 1s
Train Loss: 74.927
Val   Loss: 1151.123
Epoch: 137 learning rate[5.403600876626369e-06]
Time: 16m 10s
Train Loss: 73.352
Val   Loss: 1147.120
Epoch: 138 learning rate[5.403600876626369e-06]
Time: 15m 57s
Train Loss: 73.660
Val   Loss: 1141.464
Epoch: 139 learning rate[5.403600876626369e-06]
Time: 16m 28s
Train Loss: 71.822
Val   Loss: 1138.712
Epoch: 140 learning rate[5.13342083279505e-06]
Time: 16m 7s
Train Loss: 71.081
Val   Loss: 1151.181
Epoch: 141 learning rate[5.13342083279505e-06]
Time: 16m 1s
Train Loss: 68.989
Val   Loss: 1149.598
Epoch: 142 learning rate[5.13342083279505e-06]
Time: 15m 55s
Train Loss: 68.917
Val   Loss: 1141.389
Epoch: 143 learning rate[5.13342083279505e-06]
Time: 15m 54s
Train Loss: 68.232
Val   Loss: 1140.226
Epoch: 144 learning rate[5.13342083279505e-06]
Time: 15m 58s
Train Loss: 66.894
Val   Loss: 1151.992
Epoch: 145 learning rate[4.876749791155297e-06]
Time: 15m 54s
Train Loss: 66.563
Val   Loss: 1146.957
Epoch: 146 learning rate[4.876749791155297e-06]
Time: 15m 43s
Train Loss: 65.770
Val   Loss: 1142.517
Epoch: 147 learning rate[4.876749791155297e-06]
Time: 15m 53s
Train Loss: 63.435
Val   Loss: 1150.379
Epoch: 148 learning rate[4.876749791155297e-06]
Time: 15m 49s
Train Loss: 63.144
Val   Loss: 1151.414
Epoch: 149 learning rate[4.876749791155297e-06]
Time: 15m 58s
Train Loss: 62.691
Val   Loss: 1153.281
Epoch: 150 learning rate[4.6329123015975315e-06]
Time: 15m 53s
Train Loss: 61.797
Val   Loss: 1144.830
Epoch: 151 learning rate[4.6329123015975315e-06]
Time: 15m 38s
Train Loss: 62.166
Val   Loss: 1142.874
Epoch: 152 learning rate[4.6329123015975315e-06]
Time: 15m 47s
Train Loss: 61.644
Val   Loss: 1138.500
Epoch: 153 learning rate[4.6329123015975315e-06]
Time: 15m 44s
Train Loss: 60.387
Val   Loss: 1156.901
Epoch: 154 learning rate[4.6329123015975315e-06]
Time: 15m 58s
Train Loss: 59.911
Val   Loss: 1150.098
Epoch: 155 learning rate[4.401266686517655e-06]
Time: 15m 44s
Train Loss: 57.400
Val   Loss: 1151.589
Epoch: 156 learning rate[4.401266686517655e-06]
Time: 15m 55s
Train Loss: 58.687
Val   Loss: 1144.126
Epoch: 157 learning rate[4.401266686517655e-06]
Time: 16m 2s
Train Loss: 57.693
Val   Loss: 1143.892
Epoch: 158 learning rate[4.401266686517655e-06]
Time: 15m 52s
Train Loss: 56.322
Val   Loss: 1147.332
Epoch: 159 learning rate[4.401266686517655e-06]
Time: 16m 1s
Train Loss: 56.455
Val   Loss: 1149.584
Epoch: 160 learning rate[4.181203352191772e-06]
Time: 15m 44s
Train Loss: 55.164
Val   Loss: 1147.669
Epoch: 161 learning rate[4.181203352191772e-06]
Time: 16m 29s
Train Loss: 54.993
Val   Loss: 1147.837
Epoch: 162 learning rate[4.181203352191772e-06]
Time: 16m 5s
Train Loss: 54.459
Val   Loss: 1150.616
Epoch: 163 learning rate[4.181203352191772e-06]
Time: 15m 46s
Train Loss: 53.672
Val   Loss: 1159.512
Epoch: 164 learning rate[4.181203352191772e-06]
Time: 15m 52s
Train Loss: 53.019
Val   Loss: 1153.460
Epoch: 165 learning rate[3.972143184582183e-06]
Time: 15m 24s
Train Loss: 52.911
Val   Loss: 1146.118
Epoch: 166 learning rate[3.972143184582183e-06]
Time: 15m 52s
Train Loss: 51.994
Val   Loss: 1159.082
Epoch: 167 learning rate[3.972143184582183e-06]
Time: 15m 47s
Train Loss: 51.273
Val   Loss: 1154.006
Epoch: 168 learning rate[3.972143184582183e-06]
Time: 15m 46s
Train Loss: 50.622
Val   Loss: 1160.490
Epoch: 169 learning rate[3.972143184582183e-06]
Time: 15m 50s
Train Loss: 51.152
Val   Loss: 1148.576
Epoch: 170 learning rate[3.773536025353074e-06]
Time: 15m 47s
Train Loss: 49.316
Val   Loss: 1153.996
Epoch: 171 learning rate[3.773536025353074e-06]
Time: 15m 38s
Train Loss: 49.987
Val   Loss: 1152.755
Epoch: 172 learning rate[3.773536025353074e-06]
Time: 15m 38s
Train Loss: 48.049
Val   Loss: 1151.293
Epoch: 173 learning rate[3.773536025353074e-06]
Time: 15m 48s
Train Loss: 47.971
Val   Loss: 1153.839
Epoch: 174 learning rate[3.773536025353074e-06]
Time: 15m 46s
Train Loss: 47.918
Val   Loss: 1158.368
Epoch: 175 learning rate[3.58485922408542e-06]
Time: 15m 36s
Train Loss: 46.971
Val   Loss: 1146.621
Epoch: 176 learning rate[3.58485922408542e-06]
Time: 15m 41s
Train Loss: 46.626
Val   Loss: 1149.018
Epoch: 177 learning rate[3.58485922408542e-06]
Time: 15m 38s
Train Loss: 47.821
Val   Loss: 1148.136
Epoch: 178 learning rate[3.58485922408542e-06]
Time: 16m 8s
Train Loss: 46.508
Val   Loss: 1150.850
Epoch: 179 learning rate[3.58485922408542e-06]
Time: 16m 31s
Train Loss: 45.513
Val   Loss: 1151.251
Epoch: 180 learning rate[3.405616262881149e-06]
Time: 15m 21s
Train Loss: 45.672
Val   Loss: 1162.346
Epoch: 181 learning rate[3.405616262881149e-06]
Time: 15m 55s
Train Loss: 44.960
Val   Loss: 1156.153
Epoch: 182 learning rate[3.405616262881149e-06]
Time: 15m 46s
Train Loss: 44.888
Val   Loss: 1150.427
Epoch: 183 learning rate[3.405616262881149e-06]
Time: 15m 45s
Train Loss: 44.468
Val   Loss: 1151.570
Epoch: 184 learning rate[3.405616262881149e-06]
Time: 15m 8s
Train Loss: 43.790
Val   Loss: 1155.280
Epoch: 185 learning rate[3.2353354497370914e-06]
Time: 15m 21s
Train Loss: 43.753
Val   Loss: 1149.276
Epoch: 186 learning rate[3.2353354497370914e-06]
Time: 16m 14s
Train Loss: 42.858
Val   Loss: 1161.601
Epoch: 187 learning rate[3.2353354497370914e-06]
Time: 16m 28s
Train Loss: 41.440
Val   Loss: 1160.217
Epoch: 188 learning rate[3.2353354497370914e-06]
Time: 16m 21s
Train Loss: 42.325
Val   Loss: 1156.021
Epoch: 189 learning rate[3.2353354497370914e-06]
Time: 16m 11s
Train Loss: 42.453
Val   Loss: 1153.101
Epoch: 190 learning rate[3.0735686772502367e-06]
Time: 16m 25s
Train Loss: 41.779
Val   Loss: 1156.946
Epoch: 191 learning rate[3.0735686772502367e-06]
Time: 16m 33s
Train Loss: 41.091
Val   Loss: 1156.006
Epoch: 192 learning rate[3.0735686772502367e-06]
Time: 16m 17s
Train Loss: 40.872
Val   Loss: 1157.470
Epoch: 193 learning rate[3.0735686772502367e-06]
Time: 16m 44s
Train Loss: 41.171
Val   Loss: 1156.221
Epoch: 194 learning rate[3.0735686772502367e-06]
Time: 46m 29s
Train Loss: 40.930
Val   Loss: 1156.870
Epoch: 195 learning rate[2.9198902433877247e-06]
Time: 36m 53s
Train Loss: 40.172
Val   Loss: 1155.289
Epoch: 196 learning rate[2.9198902433877247e-06]
Time: 31m 39s
Train Loss: 39.570
Val   Loss: 1157.112
Epoch: 197 learning rate[2.9198902433877247e-06]
Time: 23m 59s
Train Loss: 39.603
Val   Loss: 1158.230
Epoch: 198 learning rate[2.9198902433877247e-06]
Time: 27m 28s
Train Loss: 39.492
Val   Loss: 1156.126
Epoch: 199 learning rate[2.9198902433877247e-06]
Time: 26m 36s
Train Loss: 38.771
Val   Loss: 1168.205
Epoch: 200 learning rate[2.7738957312183385e-06]
Time: 27m 48s
Train Loss: 37.540
Val   Loss: 1157.821
Epoch: 201 learning rate[2.7738957312183385e-06]
Time: 24m 50s
Train Loss: 38.615
Val   Loss: 1158.817
Epoch: 202 learning rate[2.7738957312183385e-06]
Time: 24m 12s
Train Loss: 37.815
Val   Loss: 1154.492
Epoch: 203 learning rate[2.7738957312183385e-06]
Time: 25m 21s
Train Loss: 37.002
Val   Loss: 1154.936
Epoch: 204 learning rate[2.7738957312183385e-06]
Time: 24m 55s
Train Loss: 36.443
Val   Loss: 1152.594
Epoch: 205 learning rate[2.6352009446574215e-06]
Time: 26m 11s
Train Loss: 36.225
Val   Loss: 1157.851
Epoch: 206 learning rate[2.6352009446574215e-06]
Time: 24m 56s
Train Loss: 36.992
Val   Loss: 1161.229
Epoch: 207 learning rate[2.6352009446574215e-06]
Time: 24m 55s
Train Loss: 36.181
Val   Loss: 1163.946
Epoch: 208 learning rate[2.6352009446574215e-06]
Time: 22m 17s
Train Loss: 36.202
Val   Loss: 1161.369
Epoch: 209 learning rate[2.6352009446574215e-06]
Time: 21m 58s
Train Loss: 35.914
Val   Loss: 1161.832
Epoch: 210 learning rate[2.5034408974245503e-06]
Time: 23m 21s
Train Loss: 35.637
Val   Loss: 1164.657
Epoch: 211 learning rate[2.5034408974245503e-06]
Time: 23m 11s
Train Loss: 34.851
Val   Loss: 1171.736
Epoch: 212 learning rate[2.5034408974245503e-06]
Time: 22m 7s
Train Loss: 34.446
Val   Loss: 1168.348
Epoch: 213 learning rate[2.5034408974245503e-06]
Time: 23m 6s
Train Loss: 34.973
Val   Loss: 1162.349
Epoch: 214 learning rate[2.5034408974245503e-06]
Time: 24m 47s
Train Loss: 34.729
Val   Loss: 1168.644
Epoch: 215 learning rate[2.378268852553323e-06]
Time: 22m 25s
Train Loss: 34.458
Val   Loss: 1169.167
Epoch: 216 learning rate[2.378268852553323e-06]
Time: 86m 34s
Train Loss: 34.450
Val   Loss: 1162.932
Epoch: 217 learning rate[2.378268852553323e-06]
Time: 82m 19s
Train Loss: 33.984
Val   Loss: 1165.173
Epoch: 218 learning rate[2.378268852553323e-06]
Time: 19m 13s
Train Loss: 33.799
Val   Loss: 1176.450
Epoch: 219 learning rate[2.378268852553323e-06]
Time: 15m 42s
Train Loss: 33.494
Val   Loss: 1163.546
Epoch: 220 learning rate[2.2593554099256565e-06]
Time: 15m 46s
Train Loss: 33.271
Val   Loss: 1172.644
Epoch: 221 learning rate[2.2593554099256565e-06]
Time: 16m 3s
Train Loss: 32.717
Val   Loss: 1165.922
Epoch: 222 learning rate[2.2593554099256565e-06]
Time: 15m 46s
Train Loss: 32.470
Val   Loss: 1162.565
Epoch: 223 learning rate[2.2593554099256565e-06]
Time: 15m 40s
Train Loss: 33.006
Val   Loss: 1174.660
Epoch: 224 learning rate[2.2593554099256565e-06]
Time: 15m 43s
Train Loss: 32.960
Val   Loss: 1170.105
Epoch: 225 learning rate[2.1463876394293738e-06]
Time: 15m 38s
Train Loss: 31.744
Val   Loss: 1172.445
Epoch: 226 learning rate[2.1463876394293738e-06]
Time: 15m 30s
Train Loss: 31.432
Val   Loss: 1177.552
Epoch: 227 learning rate[2.1463876394293738e-06]
Time: 17m 33s
Train Loss: 31.154
Val   Loss: 1171.160
Epoch: 228 learning rate[2.1463876394293738e-06]
Time: 17m 39s
Train Loss: 31.559
Val   Loss: 1171.684
Epoch: 229 learning rate[2.1463876394293738e-06]
Time: 16m 53s
Train Loss: 31.569
Val   Loss: 1168.800
Epoch: 230 learning rate[2.0390682574579048e-06]
Time: 16m 30s
Train Loss: 31.213
Val   Loss: 1164.959
Epoch: 231 learning rate[2.0390682574579048e-06]
Time: 16m 31s
Train Loss: 30.770
Val   Loss: 1173.144
Epoch: 232 learning rate[2.0390682574579048e-06]
Time: 17m 10s
Train Loss: 30.525
Val   Loss: 1173.448
Epoch: 233 learning rate[2.0390682574579048e-06]
Time: 16m 24s
Train Loss: 30.748
Val   Loss: 1177.585
Epoch: 234 learning rate[2.0390682574579048e-06]
Time: 16m 59s
Train Loss: 30.010
Val   Loss: 1180.937
Epoch: 235 learning rate[1.9371148445850093e-06]
Time: 16m 49s
Train Loss: 30.516
Val   Loss: 1174.825
Epoch: 236 learning rate[1.9371148445850093e-06]
Time: 16m 26s
Train Loss: 29.994
Val   Loss: 1178.330
Epoch: 237 learning rate[1.9371148445850093e-06]
Time: 16m 38s
Train Loss: 30.087
Val   Loss: 1172.005
Epoch: 238 learning rate[1.9371148445850093e-06]
slurmstepd: error: *** JOB 54584407 ON gra1180 CANCELLED AT 2021-11-21T16:39:57 DUE TO TIME LIMIT ***
